<?xml version="1.0" encoding="UTF-8"?>
<!-- Generated by org.testng.reporters.JUnitReportReporter -->
<testsuite hostname="Hamdis-MacBook-Pro-2.local" failures="0" tests="1" name="com.delta.testclasses.FlightStatusTest" time="15.235" errors="0" timestamp="2020-03-14T18:56:36 CDT" skipped="0">
  <testcase classname="com.delta.testclasses.FlightStatusTest" name="flightStatusByDateTest" time="15.235"/>
  <system-out/>
</testsuite> <!-- com.delta.testclasses.FlightStatusTest -->
