<?xml version="1.0" encoding="UTF-8"?>
<!-- Generated by org.testng.reporters.JUnitReportReporter -->
<testsuite hostname="Hamdis-MacBook-Pro-2.local" failures="0" tests="1" name="com.delta.testclasses.NavLinkTest" time="29.462" errors="0" timestamp="2020-03-14T16:28:11 CDT" skipped="0">
  <testcase classname="com.delta.testclasses.NavLinkTest" name="clickOnFlightStatusTest" time="29.462"/>
  <system-out/>
</testsuite> <!-- com.delta.testclasses.NavLinkTest -->
